[18:21:50] [main/INFO]: Logging in with username & password
[18:21:54] [Client thread/INFO]: Setting user: aegf1
[18:21:57] [Client thread/INFO]: LWJGL Version: 2.9.1
[18:22:00] [Client thread/INFO]: Reloading ResourceManager: Default, FMLFileResourcePack:Forge Mod Loader, FMLFileResourcePack:Minecraft Forge, FMLFileResourcePack:First Test Mod
[18:22:01] [Sound Library Loader/INFO]: Starting up SoundSystem...
[18:22:01] [Thread-9/INFO]: Initializing LWJGL OpenAL
[18:22:01] [Thread-9/INFO]: (The LWJGL binding of OpenAL.  For more information, see http://www.lwjgl.org)
[18:22:01] [Thread-9/INFO]: OpenAL initialized.
[18:22:01] [Sound Library Loader/INFO]: Sound engine started
[18:22:04] [Client thread/INFO]: Created: 512x512 textures-atlas
[18:22:05] [Client thread/INFO]: Reloading ResourceManager: Default, FMLFileResourcePack:Forge Mod Loader, FMLFileResourcePack:Minecraft Forge, FMLFileResourcePack:First Test Mod
[18:22:05] [Client thread/INFO]: SoundSystem shutting down...
[18:22:05] [Client thread/WARN]: Author: Paul Lamb, www.paulscode.com
[18:22:05] [Sound Library Loader/INFO]: Starting up SoundSystem...
[18:22:06] [Thread-11/INFO]: Initializing LWJGL OpenAL
[18:22:06] [Thread-11/INFO]: (The LWJGL binding of OpenAL.  For more information, see http://www.lwjgl.org)
[18:22:06] [Thread-11/INFO]: OpenAL initialized.
[18:22:06] [Sound Library Loader/INFO]: Sound engine started
[18:22:08] [Client thread/INFO]: Created: 512x512 textures-atlas
[18:22:16] [Server thread/INFO]: Starting integrated minecraft server version 1.8
[18:22:16] [Server thread/INFO]: Generating keypair
[18:22:16] [Server thread/INFO]: Preparing start region for level 0
[18:22:17] [Server thread/INFO]: Changing view distance to 12, from 10
[18:22:18] [Server thread/INFO]: aegf1[local:E:bc9815dd] logged in with entity id 76 at (-247.56951885740827, 13.510080339532136, -827.2406041094878)
[18:22:18] [Server thread/INFO]: aegf1 joined the game
[18:23:13] [Server thread/INFO]: Saving and pausing game...
[18:23:13] [Server thread/INFO]: Saving chunks for level 'New World'/Overworld
[18:23:13] [Server thread/INFO]: Saving chunks for level 'New World'/Nether
[18:23:13] [Server thread/INFO]: Saving chunks for level 'New World'/The End
[18:23:13] [Server thread/INFO]: Stopping server
[18:23:13] [Server thread/INFO]: Saving players
[18:23:13] [Server thread/INFO]: Saving worlds
[18:23:13] [Server thread/INFO]: Saving chunks for level 'New World'/Overworld
[18:23:13] [Server thread/INFO]: Saving chunks for level 'New World'/Nether
[18:23:13] [Server thread/INFO]: Saving chunks for level 'New World'/The End
[18:23:14] [Client thread/INFO]: Stopping!
[18:23:14] [Client thread/INFO]: SoundSystem shutting down...
[18:23:14] [Client thread/WARN]: Author: Paul Lamb, www.paulscode.com
